0 verbose cli D:\Program Files\nodejs\node.exe D:\Program Files\nodejs\node_modules\npm\bin\npm-cli.js
1 info using npm@11.10.1
2 info using node@v25.7.0
3 silly config load:file:D:\Program Files\nodejs\node_modules\npm\npmrc
4 silly config load:file:C:\Users\Administrator\.npmrc
5 silly config load:file:C:\Users\Administrator\AppData\Roaming\npm\etc\npmrc
6 verbose title npm install shai
7 verbose argv "install" "--global" "shai"
8 verbose logfile logs-max:10 dir:D:\project\教材\.npm-cache\_logs\2026-03-07T08_20_00_381Z-
9 verbose logfile D:\project\教材\.npm-cache\_logs\2026-03-07T08_20_00_381Z-debug-0.log
10 silly packumentCache heap:4496293888 maxSize:1124073472 maxEntrySize:562036736
11 silly logfile start cleaning logs, removing 1 files
12 silly logfile done cleaning log files
13 silly idealTree buildDeps
14 silly fetch manifest shai@*
15 silly packumentCache full:https://registry.npmjs.org/shai cache-miss
16 http fetch GET 200 https://registry.npmjs.org/shai 960ms (cache revalidated)
17 silly packumentCache full:https://registry.npmjs.org/shai set size:137532 disposed:false
18 silly placeDep ROOT shai@0.4.1 OK for:  want: *
19 silly reify mark retired [
19 silly reify   'C:\\Users\\Administrator\\AppData\\Roaming\\npm\\node_modules\\shai'
19 silly reify ]
20 silly reify moves {
20 silly reify   'C:\\Users\\Administrator\\AppData\\Roaming\\npm\\node_modules\\shai': 'C:\\Users\\Administrator\\AppData\\Roaming\\npm\\node_modules\\.shai-uqVQFNia'
20 silly reify }
21 http cache shai@https://registry.npmjs.org/shai/-/shai-0.4.1.tgz 0ms (cache hit)
22 silly CHANGE node_modules/shai
23 verbose cwd D:\project\教材
24 verbose os Windows_NT 10.0.26100
25 verbose node v25.7.0
26 verbose npm  v11.10.1
27 verbose exit 0
28 info ok
