0 verbose cli D:\Program Files\nodejs\node.exe D:\Program Files\nodejs\node_modules\npm\bin\npm-cli.js
1 info using npm@11.10.1
2 info using node@v25.7.0
3 silly config load:file:D:\Program Files\nodejs\node_modules\npm\npmrc
4 silly config load:file:D:\project\教材\.npmrc
5 silly config load:file:C:\Users\Administrator\.npmrc
6 silly config load:file:C:\Users\Administrator\AppData\Roaming\npm\etc\npmrc
7 verbose title npm view shai bin
8 verbose argv "view" "shai" "bin" "--json"
9 verbose logfile logs-max:10 dir:D:\project\教材\.npm-cache\_logs\2026-03-07T08_20_39_766Z-
10 verbose logfile D:\project\教材\.npm-cache\_logs\2026-03-07T08_20_39_766Z-debug-0.log
11 silly logfile start cleaning logs, removing 1 files
12 silly logfile done cleaning log files
13 http fetch GET https://registry.npmjs.org/shai attempt 1 failed with EACCES
14 http fetch GET https://registry.npmjs.org/shai attempt 2 failed with EACCES
15 http fetch GET https://registry.npmjs.org/shai attempt 3 failed with EACCES
16 http fetch GET 200 https://registry.npmjs.org/shai 70073ms (cache stale)
17 verbose cwd D:\project\教材
18 verbose os Windows_NT 10.0.26100
19 verbose node v25.7.0
20 verbose npm  v11.10.1
21 verbose exit 0
22 info ok
