0 verbose cli D:\Program Files\nodejs\node.exe D:\Program Files\nodejs\node_modules\npm\bin\npm-cli.js
1 info using npm@11.10.1
2 info using node@v25.7.0
3 silly config load:file:D:\Program Files\nodejs\node_modules\npm\npmrc
4 silly config load:file:D:\project\教材\.npmrc
5 silly config load:file:C:\Users\Administrator\.npmrc
6 silly config load:file:C:\Users\Administrator\AppData\Roaming\npm\etc\npmrc
7 verbose title npm view qoder version
8 verbose argv "view" "qoder" "version"
9 verbose logfile logs-max:10 dir:D:\project\教材\.npm-cache\_logs\2026-03-07T08_26_27_642Z-
10 verbose logfile D:\project\教材\.npm-cache\_logs\2026-03-07T08_26_27_642Z-debug-0.log
11 silly logfile start cleaning logs, removing 1 files
12 silly logfile done cleaning log files
13 http fetch GET 404 https://registry.npmjs.org/qoder 1264ms (cache skip)
14 verbose stack HttpErrorGeneral: 404 Not Found - GET https://registry.npmjs.org/qoder - Not found
14 verbose stack     at D:\Program Files\nodejs\node_modules\npm\node_modules\npm-registry-fetch\lib\check-response.js:103:15
14 verbose stack     at process.processTicksAndRejections (node:internal/process/task_queues:104:5)
14 verbose stack     at async RegistryFetcher.packument (D:\Program Files\nodejs\node_modules\npm\node_modules\pacote\lib\registry.js:90:19)
14 verbose stack     at async #getData (D:\Program Files\nodejs\node_modules\npm\lib\commands\view.js:135:20)
14 verbose stack     at async #viewPackage (D:\Program Files\nodejs\node_modules\npm\lib\commands\view.js:112:28)
14 verbose stack     at async View.exec (D:\Program Files\nodejs\node_modules\npm\lib\commands\view.js:70:5)
14 verbose stack     at async Npm.exec (D:\Program Files\nodejs\node_modules\npm\lib\npm.js:209:9)
14 verbose stack     at async module.exports (D:\Program Files\nodejs\node_modules\npm\lib\cli\entry.js:67:5)
15 verbose statusCode 404
16 verbose pkgid qoder@*
17 error code E404
18 error 404 Not Found - GET https://registry.npmjs.org/qoder - Not found
19 error 404
20 error 404  The requested resource 'qoder@*' could not be found or you do not have permission to access it.
21 error 404
22 error 404 Note that you can also install from a
23 error 404 tarball, folder, http url, or git url.
24 verbose cwd D:\project\教材
25 verbose os Windows_NT 10.0.26100
26 verbose node v25.7.0
27 verbose npm  v11.10.1
28 verbose exit 1
29 verbose code 1
30 error A complete log of this run can be found in: D:\project\教材\.npm-cache\_logs\2026-03-07T08_26_27_642Z-debug-0.log
