0 verbose cli D:\Program Files\nodejs\node.exe D:\Program Files\nodejs\node_modules\npm\bin\npm-cli.js
1 info using npm@11.10.1
2 info using node@v25.7.0
3 silly config load:file:D:\Program Files\nodejs\node_modules\npm\npmrc
4 silly config load:file:D:\project\教材\.npmrc
5 silly config load:file:C:\Users\Administrator\.npmrc
6 silly config load:file:C:\Users\Administrator\AppData\Roaming\npm\etc\npmrc
7 verbose title npm view @ovhcloud/shai version
8 verbose argv "view" "@ovhcloud/shai" "version"
9 verbose logfile logs-max:10 dir:D:\project\教材\.npm-cache\_logs\2026-03-07T08_22_02_583Z-
10 verbose logfile D:\project\教材\.npm-cache\_logs\2026-03-07T08_22_02_583Z-debug-0.log
11 silly logfile start cleaning logs, removing 2 files
12 silly logfile done cleaning log files
13 http fetch GET https://registry.npmjs.org/@ovhcloud%2fshai attempt 1 failed with EACCES
14 http fetch GET https://registry.npmjs.org/@ovhcloud%2fshai attempt 2 failed with EACCES
15 http fetch GET https://registry.npmjs.org/@ovhcloud%2fshai attempt 3 failed with EACCES
16 verbose type system
17 verbose stack FetchError: request to https://registry.npmjs.org/@ovhcloud%2fshai failed, reason: 
17 verbose stack     at ClientRequest.<anonymous> (D:\Program Files\nodejs\node_modules\npm\node_modules\minipass-fetch\lib\index.js:130:14)
17 verbose stack     at ClientRequest.emit (node:events:508:20)
17 verbose stack     at emitErrorEvent (node:_http_client:108:11)
17 verbose stack     at _destroy (node:_http_client:975:9)
17 verbose stack     at onSocketNT (node:_http_client:995:5)
17 verbose stack     at process.processTicksAndRejections (node:internal/process/task_queues:91:21)
18 error code EACCES
19 error errno EACCES
20 error FetchError: request to https://registry.npmjs.org/@ovhcloud%2fshai failed, reason: 
20 error     at ClientRequest.<anonymous> (D:\Program Files\nodejs\node_modules\npm\node_modules\minipass-fetch\lib\index.js:130:14)
20 error     at ClientRequest.emit (node:events:508:20)
20 error     at emitErrorEvent (node:_http_client:108:11)
20 error     at _destroy (node:_http_client:975:9)
20 error     at onSocketNT (node:_http_client:995:5)
20 error     at process.processTicksAndRejections (node:internal/process/task_queues:91:21) {
20 error   code: 'EACCES',
20 error   errno: 'EACCES',
20 error   type: 'system'
20 error }
21 error
21 error The operation was rejected by your operating system.
21 error It's possible that the file was already in use (by a text editor or antivirus),
21 error or that you lack permissions to access it.
21 error
21 error If you believe this might be a permissions issue, please double-check the
21 error permissions of the file and its containing directories, or try running
21 error the command again as root/Administrator.
22 verbose cwd D:\project\教材
23 verbose os Windows_NT 10.0.26100
24 verbose node v25.7.0
25 verbose npm  v11.10.1
26 verbose exit 1
27 verbose code 1
28 error A complete log of this run can be found in: D:\project\教材\.npm-cache\_logs\2026-03-07T08_22_02_583Z-debug-0.log
